nohup: ignoring input
Traceback (most recent call last):
  File "/opt/conda/lib/python3.10/runpy.py", line 196, in _run_module_as_main
    return _run_code(code, main_globals, None,
  File "/opt/conda/lib/python3.10/runpy.py", line 86, in _run_code
    exec(code, run_globals)
  File "/opt/jupyter_venv/lib/python3.10/site-packages/visdom/server/__main__.py", line 16, in <module>
    download_scripts_and_run()
  File "/opt/jupyter_venv/lib/python3.10/site-packages/visdom/server/run_server.py", line 236, in download_scripts_and_run
    main()
  File "/opt/jupyter_venv/lib/python3.10/site-packages/visdom/server/run_server.py", line 220, in main
    start_server(
  File "/opt/jupyter_venv/lib/python3.10/site-packages/visdom/server/run_server.py", line 55, in start_server
    app.listen(port, max_buffer_size=1024**3)
  File "/opt/jupyter_venv/lib/python3.10/site-packages/tornado/web.py", line 2302, in listen
    server.listen(
  File "/opt/jupyter_venv/lib/python3.10/site-packages/tornado/tcpserver.py", line 183, in listen
    sockets = bind_sockets(
  File "/opt/jupyter_venv/lib/python3.10/site-packages/tornado/netutil.py", line 162, in bind_sockets
    sock.bind(sockaddr)
OSError: [Errno 98] Address already in use
Checking for scripts.
It's Alive!
